<?xml version="1.0" encoding="UTF-8"?>
<!-- Generated by org.testng.reporters.JUnitReportReporter -->
<testsuite skipped="0" hostname="P5RO-PORT1209" name="tests.LoginTests" tests="1" failures="0" timestamp="12 Sep 2019 15:00:00 GMT" time="1.345" errors="0">
  <testcase name="invalidLoginTest_InvalidUserNameInvalidPassword" time="1.345" classname="tests.LoginTests"/>
</testsuite> <!-- tests.LoginTests -->
