<?xml version="1.0" encoding="UTF-8"?>
<!-- Generated by org.testng.reporters.JUnitReportReporter -->
<testsuite skipped="0" hostname="P5RO-PORT1209" name="tests.SearchTests" tests="1" failures="0" timestamp="16 Sep 2019 07:42:47 GMT" time="13.458" errors="0">
  <testcase name="searchElementAndExpectResult" time="13.458" classname="tests.SearchTests"/>
</testsuite> <!-- tests.SearchTests -->
